

[2025-12-03 19:47:15,033] INFO === Cleaned Form Data ===
iqraa_id: 006248
username: vidya murali
department: NURSING_DEPARTMENTS
location: IKC - SICU
password1: vidya22244
password2: vidya22244

[2025-12-04 08:10:43,966] INFO === Cleaned Form Data ===
iqraa_id: 005507
username: 005507
department: NURSING_DEPARTMENTS
location: IKC - SICU
password1: SAJNA3095
password2: SAJNA3095

[2025-12-04 14:20:51,322] INFO === Cleaned Form Data ===
iqraa_id: 007963
username: josy1234
department: NURSING_DEPARTMENTS
location: IKC - NS 4
password1: nissy123
password2: nissy123

[2025-12-06 15:16:21,223] INFO === Cleaned Form Data ===
iqraa_id: 007362
username: PRASHILLA JINCY KX
department: NURSING_DEPARTMENTS
location: IKC - NS 6
password1: PRAKRTHI@74
password2: PRAKRTHI@74

[2025-12-09 10:13:15,536] INFO === Cleaned Form Data ===
iqraa_id: 006924
username: ANJU VK
department: NURSING_DEPARTMENTS
location: IKC - NS 6
password1: ANJUSHONU123
password2: ANJUSHONU123



[2025-12-09 12:37:37,251] INFO === Cleaned Form Data ===
iqraa_id: 009810
username: anusree
department: NURSING_DEPARTMENTS
location: IKC - NS 5
password1: iqraa123
password2: iqraa123

[2025-12-09 12:40:37,634] INFO === Cleaned Form Data ===
iqraa_id: 006195
username: neena sunny
department: NURSING_DEPARTMENTS
location: IKC - NS 5
password1: vava1987
password2: vava1987



[2025-12-09 13:11:38,476] INFO === Cleaned Form Data ===
iqraa_id: 006559
username: ruksana k u
department: NURSING_DEPARTMENTS
location: SW 2
password1: ruku1234
password2: ruku1234

[2025-12-09 13:15:50,962] INFO === Cleaned Form Data ===
iqraa_id: 007420
username: MANASI PM
department: NURSING_DEPARTMENTS
location: AHA
password1: RAYU2K23
password2: RAYU2K23

[2025-12-09 13:22:46,313] INFO === Cleaned Form Data ===
iqraa_id: 900285
username: ATHULYA
department: NURSING_DEPARTMENTS
location: ORTHO WARD
password1: IQRAA123
password2: IQRAA123

[2025-12-09 13:24:45,763] INFO === Cleaned Form Data ===
iqraa_id: 008340
username: 008340
department: NURSING_DEPARTMENTS
location: ORTHO WARD
password1: NA220058
password2: NA220058

[2025-12-09 13:29:40,166] INFO === Cleaned Form Data ===
iqraa_id: 008615
username: 008615
department: NURSING_DEPARTMENTS
location: ORTHO WARD
password1: NANDU@24
password2: NANDU@24

[2025-12-09 13:32:57,772] INFO === Cleaned Form Data ===
iqraa_id: 000963
username: SEENA MARY
department: NURSING_DEPARTMENTS
location: ORTHO WARD
password1: iqraa123
password2: iqraa123

[2025-12-09 13:56:56,254] INFO === Cleaned Form Data ===
iqraa_id: 008647
username: DENNY123
department: NURSING_DEPARTMENTS
location: AHA
password1: KODAKKALLIL
password2: KODAKKALLIL

[2025-12-09 14:02:46,091] INFO === Cleaned Form Data ===
iqraa_id: 009897
username: jinu alex
department: NURSING_DEPARTMENTS
location: PREOPERATIVE WARD
password1: jINU@123
password2: jINU@123

[2025-12-09 15:07:59,510] INFO === Cleaned Form Data ===
iqraa_id: 009318
username: JAMSHEENA VT
department: NURSING_DEPARTMENTS
location: AHA
password1: jamshi430
password2: jamshi430

[2025-12-09 21:16:59,827] INFO === Cleaned Form Data ===
iqraa_id: 007591
username: ANN MARIA M.A
department: NURSING_DEPARTMENTS
location: IKC - NS 6
password1: 99annamma
password2: 99annamma

[2025-12-09 21:19:27,556] INFO === Cleaned Form Data ===
iqraa_id: 008717
username: MINNU JOSEPH
department: NURSING_DEPARTMENTS
location: IKC - NS 6
password1: THEKKEDATH123
password2: THEKKEDATH123

[2025-12-09 21:20:45,908] INFO === Cleaned Form Data ===
iqraa_id: 501189
username: ANGEL MARIYA
department: NURSING_DEPARTMENTS
location: IKC - NS 6
password1: iqraa123
password2: iqraa123

[2025-12-10 10:43:33,747] INFO === Cleaned Form Data ===
iqraa_id: 009583
username: JOSY
department: NURSING_DEPARTMENTS
location: FEMALE GENERAL WARD
password1: JOSY1234
password2: JOSY1234

[2025-12-10 11:55:35,403] INFO === Cleaned Form Data ===
iqraa_id: 008667
username: 008667
department: NURSING_DEPARTMENTS
location: NS3
password1: ALIASDAFNA200
password2: ALIASDAFNA200

[2025-12-10 11:59:50,477] INFO === Cleaned Form Data ===
iqraa_id: 008795
username: 008795
department: NURSING_DEPARTMENTS
location: NS3
password1: ammu3434
password2: ammu3434

[2025-12-10 12:40:47,879] INFO === Cleaned Form Data ===
iqraa_id: 006466
username: 006466
department: NURSING_DEPARTMENTS
location: NS3
password1: LAIBITESS123
password2: LAIBITESS123

[2025-12-10 12:41:42,270] INFO === Cleaned Form Data ===
iqraa_id: 009800
username: hasnabi.u
department: NURSING_DEPARTMENTS
location: PRE-OPERATIVE WARD
password1: iqraa123
password2: iqraa123

[2025-12-10 12:45:05,670] INFO === Cleaned Form Data ===
iqraa_id: 008644
username: neethu prakash
department: NURSING_DEPARTMENTS
location: PRE-OPERATIVE WARD
password1: kookv12345
password2: kookv12345

[2025-12-10 12:55:23,810] INFO === Cleaned Form Data ===
iqraa_id: 008753
username: jithu
department: NURSING_DEPARTMENTS
location: NS2
password1: 108jwalin
password2: 108jwalin

[2025-12-10 13:01:31,773] INFO === Cleaned Form Data ===
iqraa_id: 005031
username: ARUN ROY
department: NURSING_DEPARTMENTS
location: IKC - NS 5
password1: iqraa123
password2: iqraa123

[2025-12-10 13:02:50,448] INFO === Cleaned Form Data ===
iqraa_id: 008716
username: ANUSHA P
department: NURSING_DEPARTMENTS
location: IKC - NS 5
password1: 11ANU2233
password2: 11ANU2233

[2025-12-10 13:11:51,741] INFO === Cleaned Form Data ===
iqraa_id: 005344
username: 005344
department: NURSING_DEPARTMENTS
location: MALE WARD GENERAL
password1: HASEENA123
password2: HASEENA123

[2025-12-10 13:15:05,796] INFO === Cleaned Form Data ===
iqraa_id: 009969
username: 009969
department: NURSING_DEPARTMENTS
location: MALE WARD GENERAL
password1: SRUTHI8078
password2: SRUTHI8078

[2025-12-10 13:28:29,227] INFO === Cleaned Form Data ===
iqraa_id: 006444
username: AMBILI
department: NURSING_DEPARTMENTS
location: IKC - NS 5
password1: iqraa123
password2: iqraa123

[2025-12-10 13:41:04,131] INFO === Cleaned Form Data ===
iqraa_id: 009724
username: SILPA.S
department: NURSING_DEPARTMENTS
location: IKC - NS 5
password1: iqraa123
password2: iqraa123

[2025-12-10 13:41:09,424] INFO === Cleaned Form Data ===
iqraa_id: 008333
username: 008333
department: NURSING_DEPARTMENTS
location: NS3
password1: BYJU1987
password2: BYJU1987

[2025-12-10 13:41:50,266] INFO === Cleaned Form Data ===
iqraa_id: 009735
username: 009735
department: NURSING_DEPARTMENTS
location: NS3
password1: Anjali123
password2: Anjali123

[2025-12-10 13:42:42,976] INFO === Cleaned Form Data ===
iqraa_id: 007003
username: 007003
department: NURSING_DEPARTMENTS
location: NS3
password1: SHELMY123
password2: SHELMY123

[2025-12-10 13:43:45,361] INFO === Cleaned Form Data ===
iqraa_id: 008793
username: nithuabin16
department: NURSING_DEPARTMENTS
location: IKC - PRE-OPERATIVE WARD
password1: NEETHU16*
password2: NEETHU16*

[2025-12-10 13:51:40,871] INFO === Cleaned Form Data ===
iqraa_id: 008707
username: praveena v.v
department: NURSING_DEPARTMENTS
location: IKC - NS 5
password1: MANGADAN99
password2: MANGADAN99

[2025-12-10 13:52:15,919] INFO === Cleaned Form Data ===
iqraa_id: 008934
username: 008934
department: NURSING_DEPARTMENTS
location: MALE WARD GENERAL
password1: SANDRA2000
password2: SANDRA2000

[2025-12-10 13:54:22,074] INFO === Cleaned Form Data ===
iqraa_id: 009551
username: 009551
department: NURSING_DEPARTMENTS
location: MALE WARD GENERAL
password1: anisha0912
password2: anisha0912

[2025-12-10 14:01:40,208] INFO === Cleaned Form Data ===
iqraa_id: 009756
username: rincy
department: NURSING_DEPARTMENTS
location: SW 2
password1: iqraa123
password2: iqraa123

[2025-12-10 14:11:39,218] INFO === Cleaned Form Data ===
iqraa_id: 006666
username: JISMY JOHNEY
department: NURSING_DEPARTMENTS
location: PRE-OPERATIVE WARD
password1: jismi1995
password2: jismi1995

[2025-12-10 14:19:53,693] INFO === Cleaned Form Data ===
iqraa_id: 004689
username: mbns1@iqraahospital.in
department: NURSING_DEPARTMENTS
location: NS1
password1: joyal689
password2: joyal689

[2025-12-10 14:22:49,548] INFO === Cleaned Form Data ===
iqraa_id: 009742
username: Anagha Babu
department: NURSING_DEPARTMENTS
location: NS1
password1: iqraa123
password2: iqraa123

[2025-12-10 14:23:01,880] INFO === Cleaned Form Data ===
iqraa_id: 009907
username: FATHIMA HISANA
department: NURSING_DEPARTMENTS
location: AHA
password1: IQRAA123
password2: IQRAA123

[2025-12-10 14:23:54,549] INFO === Cleaned Form Data ===
iqraa_id: 007010
username: NEETHU NAIR
department: NURSING_DEPARTMENTS
location: NS1
password1: AMMUSS123
password2: AMMUSS123

[2025-12-10 14:48:28,931] INFO === Cleaned Form Data ===
iqraa_id: 006417
username: VIDYA9048
department: NURSING_DEPARTMENTS
location: NS2
password1: VIDYA123
password2: VIDYA123

[2025-12-10 14:59:10,537] INFO === Cleaned Form Data ===
iqraa_id: 007637
username: Sajna
department: NURSING_DEPARTMENTS
location: NS2
password1: Sajnasira99
password2: Sajnasira99

[2025-12-10 15:09:13,366] INFO === Cleaned Form Data ===
iqraa_id: 009655
username: SINI SEBASTIAN
department: NURSING_DEPARTMENTS
location: PRE-OPERATIVE WARD
password1: sinim123
password2: sinim123

[2025-12-10 15:24:46,247] INFO === Cleaned Form Data ===
iqraa_id: 008352
username: 008352
department: NURSING_DEPARTMENTS
location: NS3
password1: ASWANA88
password2: ASWANA88

[2025-12-10 19:02:58,944] INFO === Cleaned Form Data ===
iqraa_id: 006598
username: aaravnisha11
department: NURSING_DEPARTMENTS
location: IKC - PRE-OPERATIVE WARD
password1: nishasubin11
password2: nishasubin11

[2025-12-10 19:20:40,515] INFO === Cleaned Form Data ===
iqraa_id: 007649
username: VINEETHA K S
department: NURSING_DEPARTMENTS
location: NS1
password1: isoiqraa123
password2: isoiqraa123

[2025-12-10 19:45:50,967] INFO === Cleaned Form Data ===
iqraa_id: 009736
username: lubina shahnas e
department: NURSING_DEPARTMENTS
location: NS1
password1: iqraa123
password2: iqraa123

[2025-12-10 20:28:24,660] INFO === Cleaned Form Data ===
iqraa_id: 008828
username: 008828
department: NURSING_DEPARTMENTS
location: NS2
password1: AMBILI9562
password2: AMBILI9562

[2025-12-11 08:48:13,001] INFO === Cleaned Form Data ===
iqraa_id: 008696
username: 008696
department: NURSING_DEPARTMENTS
location: NS3
password1: JITHIN123
password2: JITHIN123

[2025-12-11 09:00:15,866] INFO === Cleaned Form Data ===
iqraa_id: 008882
username: 008882
department: NURSING_DEPARTMENTS
location: NS3
password1: 2255*UNNI
password2: 2255*UNNI

[2025-12-11 10:35:43,877] INFO === Cleaned Form Data ===
iqraa_id: 900278
username: joshna johnson
department: NURSING_DEPARTMENTS
location: DELUXE WARD
password1: iqraa123
password2: iqraa123

[2025-12-11 10:43:56,354] INFO === Cleaned Form Data ===
iqraa_id: 007013
username: JITHIN RAJ
department: NURSING_DEPARTMENTS
location: DELUXE WARD
password1: iqraa121
password2: iqraa121

[2025-12-11 11:03:54,896] INFO === Cleaned Form Data ===
iqraa_id: 007255
username: 007255
department: NURSING_DEPARTMENTS
location: NS3
password1: RUBYAKHIL97
password2: RUBYAKHIL97

[2025-12-11 11:04:58,416] INFO === Cleaned Form Data ===
iqraa_id: 008431
username: 008431
department: NURSING_DEPARTMENTS
location: NS3
password1: LEKSHMI2
password2: LEKSHMI2

[2025-12-11 11:57:21,204] INFO === Cleaned Form Data ===
iqraa_id: 009513
username: SNEHA SKARIA
department: NURSING_DEPARTMENTS
location: IKC - NS 6
password1: MOLUTY@123
password2: MOLUTY@123

[2025-12-11 11:59:03,627] INFO === Cleaned Form Data ===
iqraa_id: 008826
username: 008826
department: NURSING_DEPARTMENTS
location: NS3
password1: ATHI781996
password2: ATHI781996

[2025-12-11 13:22:13,160] INFO === Cleaned Form Data ===
iqraa_id: 008625
username: ANN MARIYA P T
department: NURSING_DEPARTMENTS
location: IKC - NS 6
password1: MANIKUTTY23
password2: MANIKUTTY23

[2025-12-11 14:44:15,570] INFO === Cleaned Form Data ===
iqraa_id: 009893
username: GEETHIKA GEORGE
department: NURSING_DEPARTMENTS
location: DELUXE WARD
password1: geethu12
password2: geethu12

[2025-12-11 14:49:11,590] INFO === Cleaned Form Data ===
iqraa_id: 007911
username: ASWANI MEERA TN
department: NURSING_DEPARTMENTS
location: DELUXE WARD
password1: ASMEE1234
password2: ASMEE1234

[2025-12-11 14:52:15,437] INFO === Cleaned Form Data ===
iqraa_id: 007334
username: AMRUTHA K K
department: NURSING_DEPARTMENTS
location: DELUXE WARD
password1: AMMUS098
password2: AMMUS098

[2025-12-11 14:53:43,319] INFO === Cleaned Form Data ===
iqraa_id: 009753
username: ANISHA P
department: NURSING_DEPARTMENTS
location: DELUXE WARD
password1: ANNUS098
password2: ANNUS098

[2025-12-11 14:56:40,826] INFO === Cleaned Form Data ===
iqraa_id: 008936
username: BIBIYA BENNY
department: NURSING_DEPARTMENTS
location: DELUXE WARD
password1: BIBUS098
password2: BIBUS098

[2025-12-11 14:57:48,396] INFO === Cleaned Form Data ===
iqraa_id: 009182
username: AKSHAYA P
department: NURSING_DEPARTMENTS
location: DELUXE WARD
password1: AKKUS098
password2: AKKUS098

[2025-12-11 15:23:39,436] INFO === Cleaned Form Data ===
iqraa_id: 008705
username: DHANYA.A
department: NURSING_DEPARTMENTS
location: FEMALE GENERAL WARD
password1: NIBIN123
password2: NIBIN123

[2025-12-11 16:04:16,589] INFO === Cleaned Form Data ===
iqraa_id: 007357
username: SINJU BABY
department: NURSING_DEPARTMENTS
location: IKC - NS 6
password1: ponnuzz1999
password2: ponnuzz1999

[2025-12-11 23:33:23,240] INFO === Cleaned Form Data ===
iqraa_id: 008346
username: RAGEENAPB
department: NURSING_DEPARTMENTS
location: IKC - NS 4
password1: RAGEENA12345
password2: RAGEENA12345

[2025-12-12 08:11:42,197] INFO === Cleaned Form Data ===
iqraa_id: 007371
username: SHAHANA SHARBIN E M
department: NURSING_DEPARTMENTS
location: IKC - NS 6
password1: izu12345
password2: izu12345

[2025-12-12 08:43:18,810] INFO === Cleaned Form Data ===
iqraa_id: 008381
username: kavya krishnan
department: NURSING_DEPARTMENTS
location: IKC - PRE-OPERATIVE WARD
password1: karthik2521
password2: karthik2521

[2025-12-12 12:58:34,286] INFO === Cleaned Form Data ===
iqraa_id: 006873
username: LOSHNA GOPI K
department: NURSING_DEPARTMENTS
location: IKC - PRE-OPERATIVE WARD
password1: naomika7
password2: naomika7

[2025-12-12 13:08:44,455] INFO === Cleaned Form Data ===
iqraa_id: 009664
username: AJANYA CM
department: NURSING_DEPARTMENTS
location: IKC - PRE-OPERATIVE WARD
password1: iqraa123
password2: iqraa123

[2025-12-12 14:12:38,740] INFO === Cleaned Form Data ===
iqraa_id: 008275
username: SIVAPRIYA ML
department: NURSING_DEPARTMENTS
location: IKC - PRE-OPERATIVE WARD
password1: priya@2001
password2: priya@2001

[2025-12-12 17:06:17,515] INFO === Cleaned Form Data ===
iqraa_id: 008461
username: SHAHANA
department: NURSING_DEPARTMENTS
location: NS4
password1: shaan123
password2: shaan123

[2025-12-12 17:08:07,356] INFO === Cleaned Form Data ===
iqraa_id: 004565
username: LAKSHMI.R
department: NURSING_DEPARTMENTS
location: NS4
password1: lachu405
password2: lachu405

[2025-12-12 20:38:51,386] INFO === Cleaned Form Data ===
iqraa_id: 009603
username: SHAFEENA P
department: NURSING_DEPARTMENTS
location: NS4
password1: finu1234
password2: finu1234

[2025-12-13 08:20:55,354] INFO === Cleaned Form Data ===
iqraa_id: 008796
username: kesiya reji
department: NURSING_DEPARTMENTS
location: FEMALE GENERAL WARD
password1: tomthomas123
password2: tomthomas123

[2025-12-13 08:23:57,478] INFO === Cleaned Form Data ===
iqraa_id: 007580
username: BINSI NK
department: NURSING_DEPARTMENTS
location: FEMALE GENERAL WARD
password1: binsi123iqraa
password2: binsi123iqraa

[2025-12-13 09:34:41,369] INFO === Cleaned Form Data ===
iqraa_id: 501293
username: SHAHANA SHIRIN
department: NURSING_DEPARTMENTS
location: PRE-OPERATIVE WARD
password1: iqraa123
password2: iqraa123

[2025-12-13 09:54:26,960] INFO === Cleaned Form Data ===
iqraa_id: 009961
username: 009961
department: NURSING_DEPARTMENTS
location: NS3
password1: iqraa123
password2: iqraa123

[2025-12-13 12:49:31,304] INFO === Cleaned Form Data ===
iqraa_id: 008629
username: ayisha ek
department: NURSING_DEPARTMENTS
location: SW - 3
password1: annu2019
password2: annu2019

[2025-12-13 13:54:28,129] INFO === Cleaned Form Data ===
iqraa_id: 009649
username: sheeba m
department: NURSING_DEPARTMENTS
location: MALE WARD GENERAL
password1: shee9399
password2: shee9399

[2025-12-13 13:56:25,800] INFO === Cleaned Form Data ===
iqraa_id: 007692
username: elfy
department: NURSING_DEPARTMENTS
location: IKC - NS 5
password1: DAVIS1234
password2: DAVIS1234

[2025-12-13 15:49:43,481] INFO === Cleaned Form Data ===
iqraa_id: 009842
username: MARIYA JOSEPH J
department: NURSING_DEPARTMENTS
location: NS4
password1: MARIYAJJ1234
password2: MARIYAJJ1234

[2025-12-13 23:58:26,524] INFO === Cleaned Form Data ===
iqraa_id: 009812
username: ANJALI
department: NURSING_DEPARTMENTS
location: IKC - NS 5
password1: anju2002
password2: anju2002

[2025-12-14 09:26:34,247] INFO === Cleaned Form Data ===
iqraa_id: 008591
username: GEETHUMOL K.B
department: NURSING_DEPARTMENTS
location: FEMALE GENERAL WARD
password1: GEETHU20000
password2: GEETHU20000

[2025-12-14 09:27:45,524] INFO === Cleaned Form Data ===
iqraa_id: 007795
username: VIDYA BABU
department: NURSING_DEPARTMENTS
location: FEMALE GENERAL WARD
password1: kukku9656
password2: kukku9656

[2025-12-15 13:12:19,397] INFO === Cleaned Form Data ===
iqraa_id: 009769
username: SHAMNA M P
department: NURSING_DEPARTMENTS
location: MALE WARD GENERAL
password1: iqraa123
password2: iqraa123

[2025-12-15 13:27:26,174] INFO === Cleaned Form Data ===
iqraa_id: 007261
username: FATHIMA MOHAMMEDKUNHI
department: NURSING_DEPARTMENTS
location: MALE WARD GENERAL
password1: fathi2112
password2: fathi2112

[2025-12-15 13:28:29,216] INFO === Cleaned Form Data ===
iqraa_id: 007862
username: DEVIKA P
department: NURSING_DEPARTMENTS
location: MALE WARD GENERAL
password1: DEVU9999
password2: DEVU9999

[2025-12-15 13:33:50,504] INFO === Cleaned Form Data ===
iqraa_id: 009959
username: ANNETTE SHANI
department: NURSING_DEPARTMENTS
location: MALE WARD GENERAL
password1: iqraa123
password2: iqraa123

[2025-12-15 13:40:27,477] INFO === Cleaned Form Data ===
iqraa_id: 006088
username: jinshajose
department: NURSING_DEPARTMENTS
location: MALE WARD GENERAL
password1: jinsha123
password2: jinsha123

[2025-12-15 15:19:33,991] INFO === Cleaned Form Data ===
iqraa_id: 008605
username: 008605
department: NURSING_DEPARTMENTS
location: NS3
password1: 123adithya
password2: 123adithya

[2025-12-15 15:30:18,233] INFO === Cleaned Form Data ===
iqraa_id: 009828
username: Ashna paul
department: NURSING_DEPARTMENTS
location: SW - 3
password1: Ashna@1234
password2: Ashna@1234

[2025-12-15 20:17:35,821] INFO === Cleaned Form Data ===
iqraa_id: 008945
username: REVATHY JAYAN
department: NURSING_DEPARTMENTS
location: IKC - NS 6
password1: ash@1234
password2: ash@1234

[2025-12-16 00:38:21,488] INFO === Cleaned Form Data ===
iqraa_id: 008849
username: SANDHYAPRIYA MK
department: NURSING_DEPARTMENTS
location: SW - 1
password1: SANDHYA123
password2: SANDHYA123

[2025-12-16 02:48:54,541] INFO === Cleaned Form Data ===
iqraa_id: 009789
username: ANJUSHA EP
department: NURSING_DEPARTMENTS
location: NS4
password1: iqraa123
password2: iqraa123

[2025-12-16 07:58:08,513] INFO === Cleaned Form Data ===
iqraa_id: 009854
username: ANAKHA SOJI
department: NURSING_DEPARTMENTS
location: IKC - SICU
password1: AN451818
password2: AN451818

[2025-12-16 08:33:24,465] INFO === Cleaned Form Data ===
iqraa_id: 008798
username: 008798
department: NURSING_DEPARTMENTS
location: NS3
password1: DESNA2000
password2: DESNA2000

[2025-12-16 08:37:44,634] INFO === Cleaned Form Data ===
iqraa_id: 007830
username: NEETHU PAULOSE
department: NURSING_DEPARTMENTS
location: SW - 1
password1: CALICUT098
password2: CALICUT098

[2025-12-16 08:40:53,823] INFO === Cleaned Form Data ===
iqraa_id: 006998
username: GEETHU
department: NURSING_DEPARTMENTS
location: SW - 1
password1: GEETHUSIVADURGA
password2: GEETHUSIVADURGA

[2025-12-16 08:43:56,990] INFO === Cleaned Form Data ===
iqraa_id: 000858
username: MEENA MATHEW
department: NURSING_DEPARTMENTS
location: SW - 1
password1: ANAN828410
password2: ANAN828410

[2025-12-16 09:02:56,140] INFO === Cleaned Form Data ===
iqraa_id: 005077
username: 005077
department: NURSING_DEPARTMENTS
location: NS3
password1: soniashiju19830
password2: soniashiju19830

[2025-12-16 09:08:17,642] INFO === Cleaned Form Data ===
iqraa_id: 007785
username: AISWARYA AR
department: NURSING_DEPARTMENTS
location: NS2
password1: aishu123
password2: aishu123

[2025-12-16 09:14:16,634] INFO === Cleaned Form Data ===
iqraa_id: 005272
username: SEENA GEORGE
department: NURSING_DEPARTMENTS
location: NS2
password1: IQRAA123
password2: IQRAA123

[2025-12-16 11:58:35,122] INFO === Cleaned Form Data ===
iqraa_id: 009640
username: ALEXINA MATHEW
department: NURSING_DEPARTMENTS
location: MALE WARD GENERAL
password1: alex12345
password2: alex12345

[2025-12-16 12:34:19,065] INFO === Cleaned Form Data ===
iqraa_id: 009909
username: SEETHALAKSHMI TK
department: NURSING_DEPARTMENTS
location: SW - 1
password1: SEETHA2001
password2: SEETHA2001

[2025-12-16 12:37:05,548] INFO === Cleaned Form Data ===
iqraa_id: 004780
username: JUFFI K EALIAS
department: NURSING_DEPARTMENTS
location: SW - 1
password1: JUFFIALPHA
password2: JUFFIALPHA

[2025-12-16 13:42:12,475] INFO === Cleaned Form Data ===
iqraa_id: 009931
username: ANAGHA M
department: NURSING_DEPARTMENTS
location: PRE-OPERATIVE WARD
password1: STARLET13
password2: STARLET13

[2025-12-16 13:43:02,318] INFO === Cleaned Form Data ===
iqraa_id: 009705
username: LINTA DEVASIA
department: NURSING_DEPARTMENTS
location: PRE-OPERATIVE WARD
password1: iqraa123
password2: iqraa123

[2025-12-16 13:45:05,886] INFO === Cleaned Form Data ===
iqraa_id: 006806
username: MIDHULA MR
department: NURSING_DEPARTMENTS
location: AHA
password1: midhu@123
password2: midhu@123

[2025-12-16 14:08:46,098] INFO === Cleaned Form Data ===
iqraa_id: 009796
username: SREELEKHA E
department: NURSING_DEPARTMENTS
location: SW - 1
password1: SREE2002
password2: SREE2002

[2025-12-16 14:09:36,182] INFO === Cleaned Form Data ===
iqraa_id: 009766
username: aiswarya johnson
department: NURSING_DEPARTMENTS
location: NS4
password1: aishu1234
password2: aishu1234

[2025-12-16 14:15:08,803] INFO === Cleaned Form Data ===
iqraa_id: 006115
username: ANU P ANTONY
department: NURSING_DEPARTMENTS
location: SW - 1
password1: ANUP1230
password2: ANUP1230

[2025-12-16 14:16:34,903] INFO === Cleaned Form Data ===
iqraa_id: 009945
username: AISWARYA P P
department: NURSING_DEPARTMENTS
location: SW - 1
password1: ACHU1234
password2: ACHU1234

[2025-12-16 17:26:53,216] INFO === Cleaned Form Data ===
iqraa_id: 007404
username: SNEHA BALAN
department: NURSING_DEPARTMENTS
location: NS4
password1: ADWIK123
password2: ADWIK123

[2025-12-16 19:48:01,998] INFO === Cleaned Form Data ===
iqraa_id: 007237
username: 007237
department: NURSING_DEPARTMENTS
location: MALE WARD GENERAL
password1: swetha001
password2: swetha001

[2025-12-17 12:24:53,579] INFO === Cleaned Form Data ===
iqraa_id: 009648
username: AMITHA THAMBI
department: NURSING_DEPARTMENTS
location: DELUXE WARD
password1: ammi1234
password2: ammi1234

[2025-12-17 12:26:15,626] INFO === Cleaned Form Data ===
iqraa_id: 009908
username: fathima risha
department: NURSING_DEPARTMENTS
location: DELUXE WARD
password1: rishu1234
password2: rishu1234

[2025-12-17 12:26:57,832] INFO === Cleaned Form Data ===
iqraa_id: 009626
username: sonima
department: NURSING_DEPARTMENTS
location: DELUXE WARD
password1: soni1234
password2: soni1234

[2025-12-17 12:35:28,663] INFO === Cleaned Form Data ===
iqraa_id: 007226
username: aswathi ts
department: NURSING_DEPARTMENTS
location: DELUXE WARD
password1: assu1234
password2: assu1234

[2025-12-17 12:37:34,772] INFO === Cleaned Form Data ===
iqraa_id: 009587
username: JASNA JOHN
department: NURSING_DEPARTMENTS
location: DELUXE WARD
password1: JASN1234
password2: JASN1234

[2025-12-17 12:38:36,710] INFO === Cleaned Form Data ===
iqraa_id: 009752
username: SARITHA T
department: NURSING_DEPARTMENTS
location: DELUXE WARD
password1: SARI1234
password2: SARI1234

[2025-12-17 12:39:59,418] INFO === Cleaned Form Data ===
iqraa_id: 008398
username: JIMLI MARY JOSE
department: NURSING_DEPARTMENTS
location: DELUXE WARD
password1: JIMM1234
password2: JIMM1234

[2025-12-17 12:41:43,809] INFO === Cleaned Form Data ===
iqraa_id: 009825
username: ANAMIKA VS
department: NURSING_DEPARTMENTS
location: DELUXE WARD
password1: ANMI1234
password2: ANMI1234

[2025-12-17 12:43:17,200] INFO === Cleaned Form Data ===
iqraa_id: 009506
username: FARHANA SHERIN
department: NURSING_DEPARTMENTS
location: DELUXE WARD
password1: FARA1234
password2: FARA1234

[2025-12-18 03:55:28,173] INFO === Cleaned Form Data ===
iqraa_id: 900284
username: liju evelin
department: NURSING_DEPARTMENTS
location: NS2
password1: IQRAA123
password2: IQRAA123

[2025-12-18 10:19:59,354] INFO === Cleaned Form Data ===
iqraa_id: 009607
username: AMRUTHA N V
department: NURSING_DEPARTMENTS
location: SW 2
password1: amru1234
password2: amru1234

[2025-12-18 14:19:26,065] INFO === Cleaned Form Data ===
iqraa_id: 006947
username: ANUSREE TP
department: NURSING_DEPARTMENTS
location: SW 2
password1: kochu123
password2: kochu123

[2025-12-24 12:52:22,369] INFO === Cleaned Form Data ===
iqraa_id: 009726
username: ANGEL BLESSY GEORGE
department: NURSING_DEPARTMENTS
location: MALE WARD GENERAL
password1: iqraa123
password2: iqraa123

[2025-12-29 00:08:45,438] INFO === Cleaned Form Data ===
iqraa_id: 008933
username: SUMISHA.K.S
department: NURSING_DEPARTMENTS
location: NS2
password1: SS@#2002
password2: SS@#2002

[2025-12-30 06:53:58,273] INFO === Cleaned Form Data ===
iqraa_id: 008695
username: ANCY R
department: NURSING_DEPARTMENTS
location: NS4
password1: jincyjins143B.
password2: jincyjins143B.

[2026-01-01 09:13:18,271] INFO === Cleaned Form Data ===
iqraa_id: 009811
username: jobisha k yakoob
department: NURSING_DEPARTMENTS
location: NS2
password1: SEENA123
password2: SEENA123


[2026-02-03 12:26:43,824] INFO === Cleaned Form Data ===
[2026-02-03 12:26:43,824] INFO iqraa_id: 009872
[2026-02-03 12:26:43,824] INFO username: shamil
[2026-02-03 12:26:43,824] INFO department: NURSING_DEPARTMENTS
[2026-02-03 12:26:43,824] INFO location: EMERGENCY DEPARTMENT
[2026-02-03 12:26:43,824] INFO password1: iqraa123
[2026-02-03 12:26:43,824] INFO password2: iqraa123




[2026-02-03 13:47:55,183] INFO === Cleaned Form Data ===
[2026-02-03 13:47:55,185] INFO iqraa_id: 009984
[2026-02-03 13:47:55,185] INFO username: IQRAA123
[2026-02-03 13:47:55,185] INFO department: NURSING_DEPARTMENTS
[2026-02-03 13:47:55,185] INFO location: NS1
[2026-02-03 13:47:55,185] INFO password1: sachu12345
[2026-02-03 13:47:55,185] INFO password2: sachu12345
[2026-02-03 15:05:21,716] INFO === Cleaned Form Data ===
[2026-02-03 15:05:21,717] INFO iqraa_id: 009516
[2026-02-03 15:05:21,717] INFO username: SHAHEER
[2026-02-03 15:05:21,717] INFO department: NURSING_DEPARTMENTS
[2026-02-03 15:05:21,717] INFO location: IKC - SICU
[2026-02-03 15:05:21,717] INFO password1: IQRAA123
[2026-02-03 15:05:21,717] INFO password2: IQRAA123
[2026-02-03 15:05:38,857] INFO === Cleaned Form Data ===
[2026-02-03 15:05:38,857] INFO iqraa_id: 009519
[2026-02-03 15:05:38,857] INFO username: SHAHEER
[2026-02-03 15:05:38,857] INFO department: NURSING_DEPARTMENTS
[2026-02-03 15:05:38,857] INFO location: IKC - SICU
[2026-02-03 15:05:38,857] INFO password1: IQRAA123
[2026-02-03 15:05:38,857] INFO password2: IQRAA123
[2026-02-03 15:06:29,135] WARNING Login failed: Wrong password (Iqraa ID=001544)
[2026-02-03 15:06:32,538] WARNING Login failed: Wrong password (Iqraa ID=001544)
[2026-02-03 15:06:41,087] WARNING Login failed: Wrong password (Iqraa ID=001544)
[2026-02-03 15:16:28,374] INFO === Cleaned Form Data ===
[2026-02-03 15:16:28,374] INFO iqraa_id: 006857
[2026-02-03 15:16:28,374] INFO username: dhanya jijo
[2026-02-03 15:16:28,374] INFO department: NURSING_DEPARTMENTS
[2026-02-03 15:16:28,374] INFO location: OPERATION THEATRE
[2026-02-03 15:16:28,374] INFO password1: KICHU1990
[2026-02-03 15:16:28,374] INFO password2: KICHU1990
[2026-02-03 15:18:27,621] WARNING Login failed: Wrong password (Iqraa ID=000974)
[2026-02-03 15:26:40,985] INFO === Cleaned Form Data ===
[2026-02-03 15:26:40,985] INFO iqraa_id: 008266
[2026-02-03 15:26:40,985] INFO username: ASWATHI.K
[2026-02-03 15:26:40,985] INFO department: NURSING_DEPARTMENTS
[2026-02-03 15:26:40,985] INFO location: OPERATION THEATRE
[2026-02-03 15:26:40,985] INFO password1: ASWATHI123
[2026-02-03 15:26:40,985] INFO password2: ASWATHI123
[2026-02-03 15:26:56,622] INFO === Cleaned Form Data ===
[2026-02-03 15:26:56,622] INFO iqraa_id: 008266
[2026-02-03 15:26:56,622] INFO username: ASWATHI.K
[2026-02-03 15:26:56,622] INFO department: NURSING_DEPARTMENTS
[2026-02-03 15:26:56,622] INFO location: OPERATION THEATRE
[2026-02-03 15:26:56,622] INFO password1: ASWATHI123
[2026-02-03 15:26:56,622] INFO password2: ASWATHI123
[2026-02-03 15:28:49,890] INFO === Cleaned Form Data ===
[2026-02-03 15:28:49,890] INFO iqraa_id: 008266
[2026-02-03 15:28:49,890] INFO username: ASWATHI.K
[2026-02-03 15:28:49,890] INFO department: NURSING_DEPARTMENTS
[2026-02-03 15:28:49,890] INFO location: OPERATION THEATRE
[2026-02-03 15:28:49,890] INFO password1: ASWATHI123
[2026-02-03 15:28:49,890] INFO password2: ASWATHI123

[2026-02-03 15:29:04,072] INFO === Cleaned Form Data ===
[2026-02-03 15:29:04,072] INFO iqraa_id: 008266
[2026-02-03 15:29:04,072] INFO username: ASWATHI.K
[2026-02-03 15:29:04,072] INFO department: NURSING_DEPARTMENTS
[2026-02-03 15:29:04,072] INFO location: OPERATION THEATRE
[2026-02-03 15:29:04,072] INFO password1: ASWATHI123
[2026-02-03 15:29:04,072] INFO password2: ASWATHI123

[2026-02-03 15:29:27,665] INFO === Cleaned Form Data ===
[2026-02-03 15:29:27,665] INFO iqraa_id: 008266
[2026-02-03 15:29:27,665] INFO username: ASWATHI.K
[2026-02-03 15:29:27,665] INFO department: NURSING_DEPARTMENTS
[2026-02-03 15:29:27,665] INFO location: OPERATION THEATRE
[2026-02-03 15:29:27,665] INFO password1: ASWATHI123
[2026-02-03 15:29:27,665] INFO password2: ASWATHI123

[2026-02-03 15:29:34,560] INFO === Cleaned Form Data ===
[2026-02-03 15:29:34,561] INFO iqraa_id: 008266
[2026-02-03 15:29:34,561] INFO username: ASWATHI.K
[2026-02-03 15:29:34,561] INFO department: NURSING_DEPARTMENTS
[2026-02-03 15:29:34,561] INFO location: OPERATION THEATRE
[2026-02-03 15:29:34,561] INFO password1: ASWATHI123
[2026-02-03 15:29:34,561] INFO password2: ASWATHI123

[2026-02-03 15:29:47,013] INFO === Cleaned Form Data ===
[2026-02-03 15:29:47,013] INFO iqraa_id: 008266
[2026-02-03 15:29:47,013] INFO username: ASWATHI.K
[2026-02-03 15:29:47,013] INFO department: NURSING_DEPARTMENTS
[2026-02-03 15:29:47,013] INFO location: OPERATION THEATRE
[2026-02-03 15:29:47,013] INFO password1: IQRAA123
[2026-02-03 15:29:47,013] INFO password2: IQRAA123

[2026-02-03 15:43:05,331] INFO === Cleaned Form Data ===
[2026-02-03 15:43:05,331] INFO iqraa_id: 009737
[2026-02-03 15:43:05,331] INFO username: VIJISHAMBIKA PP
[2026-02-03 15:43:05,331] INFO department: NURSING_DEPARTMENTS
[2026-02-03 15:43:05,331] INFO location: OPERATION THEATRE
[2026-02-03 15:43:05,331] INFO password1: Moksha@123
[2026-02-03 15:43:05,331] INFO password2: Moksha@123
[2026-02-03 15:46:12,693] WARNING Login failed: User not found (Iqraa ID=501367)

[2026-02-03 15:54:25,169] INFO === Cleaned Form Data ===
[2026-02-03 15:54:25,170] INFO iqraa_id: 008635
[2026-02-03 15:54:25,170] INFO username: NEENU JOSE
[2026-02-03 15:54:25,170] INFO department: NURSING_DEPARTMENTS
[2026-02-03 15:54:25,170] INFO location: SICU - 2
[2026-02-03 15:54:25,170] INFO password1: NIRMALA29
[2026-02-03 15:54:25,170] INFO password2: NIRMALA29

[2026-02-03 15:58:17,284] INFO === Cleaned Form Data ===
[2026-02-03 15:58:17,284] INFO iqraa_id: 009652
[2026-02-03 15:58:17,284] INFO username: DELNA PHILIP
[2026-02-03 15:58:17,284] INFO department: NURSING_DEPARTMENTS
[2026-02-03 15:58:17,284] INFO location: SICU - 2
[2026-02-03 15:58:17,284] INFO password1: IQRAA123
[2026-02-03 15:58:17,284] INFO password2: IQRAA123
[2026-02-03 16:00:11,561] WARNING Login failed: User not found (Iqraa ID=501367)

[2026-02-03 16:17:22,598] INFO === Cleaned Form Data ===
[2026-02-03 16:17:22,598] INFO iqraa_id: 007910
[2026-02-03 16:17:22,598] INFO username: 007910
[2026-02-03 16:17:22,598] INFO department: NURSING_DEPARTMENTS
[2026-02-03 16:17:22,598] INFO location: NICU
[2026-02-03 16:17:22,599] INFO password1: anjali2311
[2026-02-03 16:17:22,599] INFO password2: anjali2311

[2026-02-03 16:20:28,611] INFO === Cleaned Form Data ===
[2026-02-03 16:20:28,611] INFO iqraa_id: 005816
[2026-02-03 16:20:28,611] INFO username: 005816
[2026-02-03 16:20:28,611] INFO department: NURSING_DEPARTMENTS
[2026-02-03 16:20:28,611] INFO location: NICU
[2026-02-03 16:20:28,611] INFO password1: SAIFU123
[2026-02-03 16:20:28,611] INFO password2: SAIFU123

[2026-02-03 16:22:29,893] INFO === Cleaned Form Data ===
[2026-02-03 16:22:29,893] INFO iqraa_id: 008216
[2026-02-03 16:22:29,894] INFO username: 008216
[2026-02-03 16:22:29,894] INFO department: NURSING_DEPARTMENTS
[2026-02-03 16:22:29,894] INFO location: NICU
[2026-02-03 16:22:29,894] INFO password1: RESHMApk@1993
[2026-02-03 16:22:29,894] INFO password2: RESHMApk@1993

[2026-02-03 16:24:16,847] INFO === Cleaned Form Data ===
[2026-02-03 16:24:16,847] INFO iqraa_id: 006714
[2026-02-03 16:24:16,847] INFO username: 006714
[2026-02-03 16:24:16,847] INFO department: NURSING_DEPARTMENTS
[2026-02-03 16:24:16,847] INFO location: NICU
[2026-02-03 16:24:16,847] INFO password1: jimesh9846
[2026-02-03 16:24:16,847] INFO password2: jimesh9846

[2026-02-03 16:26:27,056] INFO === Cleaned Form Data ===
[2026-02-03 16:26:27,056] INFO iqraa_id: 008658
[2026-02-03 16:26:27,056] INFO username: 008658
[2026-02-03 16:26:27,056] INFO department: NURSING_DEPARTMENTS
[2026-02-03 16:26:27,056] INFO location: NICU
[2026-02-03 16:26:27,056] INFO password1: Akhila@12
[2026-02-03 16:26:27,056] INFO password2: Akhila@12

[2026-02-03 16:27:24,838] INFO === Cleaned Form Data ===
[2026-02-03 16:27:24,838] INFO iqraa_id: 008303
[2026-02-03 16:27:24,838] INFO username: 008303
[2026-02-03 16:27:24,838] INFO department: NURSING_DEPARTMENTS
[2026-02-03 16:27:24,838] INFO location: NICU
[2026-02-03 16:27:24,838] INFO password1: ADHI@4637
[2026-02-03 16:27:24,838] INFO password2: ADHI@4637

[2026-02-03 16:37:53,776] INFO === Cleaned Form Data ===
[2026-02-03 16:37:53,776] INFO iqraa_id: 009285
[2026-02-03 16:37:53,776] INFO username: 009285
[2026-02-03 16:37:53,776] INFO department: NURSING_DEPARTMENTS
[2026-02-03 16:37:53,776] INFO location: NICU
[2026-02-03 16:37:53,776] INFO password1: Amina@6162
[2026-02-03 16:37:53,776] INFO password2: Amina@6162
